<?xml version="1.0" encoding="UTF-8"?>
<!-- Generated by org.testng.reporters.JUnitReportReporter -->
<testsuite skipped="0" hostname="L017489" name="tests.automationFormTest" tests="1" failures="0" timestamp="2020-01-23T13:47:34 EST" time="2.688" errors="0">
  <testcase name="test1" time="2.688" classname="tests.automationFormTest"/>
</testsuite> <!-- tests.automationFormTest -->
