<?xml version="1.0" encoding="UTF-8"?>
<!-- Generated by org.testng.reporters.JUnitReportReporter -->
<testsuite hostname="PranavHP" name="tests.testBase" tests="1" failures="0" timestamp="16 Jan 2020 12:23:57 GMT" time="1.295" errors="0">
  <testcase name="openingWebPage" time="1.295" classname="tests.testBase"/>
</testsuite> <!-- tests.testBase -->
