<?xml version="1.0" encoding="UTF-8"?>
<!-- Generated by org.testng.reporters.JUnitReportReporter -->
<<<<<<< Updated upstream
<testsuite hostname="PranavHP" name="tests.automationFormTest" tests="1" failures="0" timestamp="26 Jan 2020 20:17:38 GMT" time="55.361" errors="0">
  <testcase name="fillingTheForm" time="55.361" classname="tests.automationFormTest"/>
=======
<testsuite skipped="0" hostname="L017489" name="tests.automationFormTest" tests="2" failures="0" timestamp="2020-01-24T18:47:57 EST" time="3.550" errors="0">
  <testcase name="fillingTheForm" time="2.281" classname="tests.automationFormTest"/>
  <testcase name="fillingTheForm2" time="1.269" classname="tests.automationFormTest"/>
>>>>>>> Stashed changes
</testsuite> <!-- tests.automationFormTest -->
