<?xml version="1.0" encoding="UTF-8"?>
<!-- Generated by org.testng.reporters.JUnitReportReporter -->
<testsuite skipped="0" hostname="L017489" name="tests.automationFormTest" tests="2" failures="0" timestamp="2020-01-27T12:02:49 EST" time="3.829" errors="0">
  <testcase name="fillingTheForm" time="3.055" classname="tests.automationFormTest"/>
  <testcase name="fillingTheForm2" time="0.774" classname="tests.automationFormTest"/>
</testsuite> <!-- tests.automationFormTest -->
