<?xml version="1.0" encoding="UTF-8"?>
<!-- Generated by org.testng.reporters.JUnitReportReporter -->
<testsuite hostname="PranavHP" name="tests.automationFormTest" tests="1" failures="0" timestamp="16 Jan 2020 17:39:25 GMT" time="3.671" errors="0">
  <testcase name="test1" time="3.671" classname="tests.automationFormTest"/>
</testsuite> <!-- tests.automationFormTest -->
