<?xml version="1.0" encoding="UTF-8"?>
<!-- Generated by org.testng.reporters.JUnitReportReporter -->
<testsuite skipped="0" hostname="L017489" name="tests.automationFormTest" tests="1" failures="0" timestamp="2020-01-24T15:13:23 EST" time="2.702" errors="0">
  <testcase name="test1" time="2.702" classname="tests.automationFormTest"/>
</testsuite> <!-- tests.automationFormTest -->
