<?xml version="1.0" encoding="UTF-8"?>
<!-- Generated by org.testng.reporters.JUnitReportReporter -->
<testsuite skipped="0" hostname="L017489" name="tests.automationFormTest" tests="2" failures="0" timestamp="2020-01-28T15:04:00 EST" time="3.806" errors="0">
  <testcase name="fillingTheForm" time="2.417" classname="tests.automationFormTest"/>
  <testcase name="fillingTheForm2" time="1.389" classname="tests.automationFormTest"/>
</testsuite> <!-- tests.automationFormTest -->
