<?xml version="1.0" encoding="UTF-8"?>
<!-- Generated by org.testng.reporters.JUnitReportReporter -->
<testsuite skipped="0" hostname="L017489" name="tests.automationFormTest" tests="2" failures="0" timestamp="2020-01-27T13:16:14 EST" time="4.844" errors="0">
  <testcase name="fillingTheForm2" time="1.179" classname="tests.automationFormTest"/>
  <testcase name="fillingTheForm" time="3.665" classname="tests.automationFormTest"/>
</testsuite> <!-- tests.automationFormTest -->
