<?xml version="1.0" encoding="UTF-8"?>
<!-- Generated by org.testng.reporters.JUnitReportReporter -->
<testsuite hostname="PranavHP" name="tests.automationFormTest" tests="1" failures="0" timestamp="26 Jan 2020 20:17:38 GMT" time="55.361" errors="0">
  <testcase name="fillingTheForm" time="55.361" classname="tests.automationFormTest"/>
</testsuite> <!-- tests.automationFormTest -->
